{"synthetic": false,
 "outputs":
 {"o": ["6609764826355475128"],
  "i": "16325281623917785743",
  "c": "17656205197038944892"},
 "log":
 [{"message":
   ".> LEAN_PATH=/Users/harryscott/Kantian-IVI/.lake/build/lib/lean /Users/harryscott/.elan/toolchains/leanprover--lean4---v4.23.0/bin/lean /Users/harryscott/Kantian-IVI/IVI/Bounds.lean -o /Users/harryscott/Kantian-IVI/.lake/build/lib/lean/IVI/Bounds.olean -i /Users/harryscott/Kantian-IVI/.lake/build/lib/lean/IVI/Bounds.ilean -c /Users/harryscott/Kantian-IVI/.lake/build/ir/IVI/Bounds.c --setup /Users/harryscott/Kantian-IVI/.lake/build/ir/IVI/Bounds.setup.json --json",
   "level": "trace"}],
 "inputs":
 [["IVI.Bounds:deps",
   [["deps",
     [["ivi/IVI:extraDep", [["@ivi:extraDep", "1723"]]], ["imports", "1723"]]],
    ["libs",
     [["import dynlibs", "1723"],
      ["package external libraries", "1723"],
      ["module dynlibs", "1723"],
      ["module plugins", "1723"]]]]],
  ["Lean 4.23.0, commit 50aaf682e9b74ab92880292a25c68baa1cc81c87",
   "5786258275165720599"],
  ["/Users/harryscott/Kantian-IVI/IVI/Bounds.lean", "9518931819491662561"],
  ["options", "1723"],
  ["Module.leanArgs: #[]", "1723"]],
 "depHash": "17977596144878371421"}