{"synthetic": false,
 "outputs":
 {"o": ["9603740668814285344"],
  "i": "8039052660332724142",
  "c": "693713234261775025"},
 "log":
 [{"message":
   ".> LEAN_PATH=/Users/harryscott/Kantian-IVI/.lake/build/lib/lean /Users/harryscott/.elan/toolchains/leanprover--lean4---v4.22.0/bin/lean /Users/harryscott/Kantian-IVI/IVI/Collapse.lean -o /Users/harryscott/Kantian-IVI/.lake/build/lib/lean/IVI/Collapse.olean -i /Users/harryscott/Kantian-IVI/.lake/build/lib/lean/IVI/Collapse.ilean -c /Users/harryscott/Kantian-IVI/.lake/build/ir/IVI/Collapse.c --setup /Users/harryscott/Kantian-IVI/.lake/build/ir/IVI/Collapse.setup.json --json",
   "level": "trace"}],
 "inputs":
 [["IVI.Collapse:deps",
   [["deps",
     [["ivi/IVI:extraDep", [["@ivi:extraDep", "1723"]]],
      ["import oleans",
       [["IVI.Intangible:olean",
         [["IVI.Intangible:deps", "15649871617509865571"],
          ["/Users/harryscott/Kantian-IVI/.lake/build/lib/lean/IVI/Intangible.olean",
           "16552736556562446828"]]],
        ["IVI.Harmonics:olean",
         [["IVI.Harmonics:deps", "7385600187699551567"],
          ["/Users/harryscott/Kantian-IVI/.lake/build/lib/lean/IVI/Harmonics.olean",
           "5838156797236561283"]]],
        ["IVI.Invariant:olean",
         [["IVI.Invariant:deps", "12182908386892602159"],
          ["/Users/harryscott/Kantian-IVI/.lake/build/lib/lean/IVI/Invariant.olean",
           "17898013450651481437"]]]]]]],
    ["libs",
     [["import dynlibs", "1723"],
      ["package external libraries", "1723"],
      ["module dynlibs", "1723"],
      ["module plugins", "1723"]]]]],
  ["Lean 4.22.0, commit ba2cbbf09d4978f416e0ebd1fceeebc2c4138c05",
   "8739116525927611134"],
  ["/Users/harryscott/Kantian-IVI/IVI/Collapse.lean", "12313882722898150305"],
  ["options", "1723"],
  ["Module.leanArgs: #[]", "1723"]],
 "depHash": "6036979156648887454"}