{"synthetic": false,
 "outputs":
 {"o": ["5444552080657892718"],
  "i": "13011445121143068710",
  "c": "11442145938268514722"},
 "log":
 [{"message":
   ".> LEAN_PATH=/Users/harryscott/Kantian-IVI/.lake/build/lib/lean /Users/harryscott/.elan/toolchains/leanprover--lean4---v4.22.0/bin/lean /Users/harryscott/Kantian-IVI/IVI/Demo.lean -o /Users/harryscott/Kantian-IVI/.lake/build/lib/lean/IVI/Demo.olean -i /Users/harryscott/Kantian-IVI/.lake/build/lib/lean/IVI/Demo.ilean -c /Users/harryscott/Kantian-IVI/.lake/build/ir/IVI/Demo.c --setup /Users/harryscott/Kantian-IVI/.lake/build/ir/IVI/Demo.setup.json --json",
   "level": "trace"}],
 "inputs":
 [["IVI.Demo:deps",
   [["deps",
     [["ivi/«ivi-demo»:extraDep", [["@ivi:extraDep", "1723"]]],
      ["import oleans",
       [["IVI.Core:olean",
         [["IVI.Core:deps", "12720339749678921893"],
          ["/Users/harryscott/Kantian-IVI/.lake/build/lib/lean/IVI/Core.olean",
           "12286444512450632711"]]],
        ["IVI.Pure:olean",
         [["IVI.Pure:deps", "15550444365902634996"],
          ["/Users/harryscott/Kantian-IVI/.lake/build/lib/lean/IVI/Pure.olean",
           "5624271300274641501"]]],
        ["IVI.Logic:olean",
         [["IVI.Logic:deps", "15550444365902634996"],
          ["/Users/harryscott/Kantian-IVI/.lake/build/lib/lean/IVI/Logic.olean",
           "7469203747819240942"]]],
        ["IVI.Operators:olean",
         [["IVI.Operators:deps", "288529257706707994"],
          ["/Users/harryscott/Kantian-IVI/.lake/build/lib/lean/IVI/Operators.olean",
           "8564056482296972766"]]],
        ["IVI.Domain:olean",
         [["IVI.Domain:deps", "6971220440956445157"],
          ["/Users/harryscott/Kantian-IVI/.lake/build/lib/lean/IVI/Domain.olean",
           "5085975219145520635"]]],
        ["IVI.System:olean",
         [["IVI.System:deps", "11229672192663066940"],
          ["/Users/harryscott/Kantian-IVI/.lake/build/lib/lean/IVI/System.olean",
           "8633243571202306295"]]],
        ["IVI.C3Model:olean",
         [["IVI.C3Model:deps", "15550444365902634996"],
          ["/Users/harryscott/Kantian-IVI/.lake/build/lib/lean/IVI/C3Model.olean",
           "5533677389340440780"]]],
        ["IVI.Theorems:olean",
         [["IVI.Theorems:deps", "15550444365902634996"],
          ["/Users/harryscott/Kantian-IVI/.lake/build/lib/lean/IVI/Theorems.olean",
           "12381881991786180093"]]],
        ["IVI.Proofs:olean",
         [["IVI.Proofs:deps", "6157560562645207870"],
          ["/Users/harryscott/Kantian-IVI/.lake/build/lib/lean/IVI/Proofs.olean",
           "15036438930496024020"]]],
        ["IVI.Intangible:olean",
         [["IVI.Intangible:deps", "6404854510505306934"],
          ["/Users/harryscott/Kantian-IVI/.lake/build/lib/lean/IVI/Intangible.olean",
           "119600506267118591"]]],
        ["IVI.Invariant:olean",
         [["IVI.Invariant:deps", "5676546461227603325"],
          ["/Users/harryscott/Kantian-IVI/.lake/build/lib/lean/IVI/Invariant.olean",
           "13057863916597200515"]]]]]]],
    ["libs",
     [["import dynlibs", "1723"],
      ["package external libraries", "1723"],
      ["module dynlibs", "1723"],
      ["module plugins", "1723"]]]]],
  ["Lean 4.22.0, commit ba2cbbf09d4978f416e0ebd1fceeebc2c4138c05",
   "8739116525927611134"],
  ["/Users/harryscott/Kantian-IVI/IVI/Demo.lean", "9290154201241676709"],
  ["options", "1723"],
  ["Module.leanArgs: #[]", "1723"]],
 "depHash": "5578046817345819322"}