{"synthetic": false,
 "outputs":
 {"o": ["5936501080117471776"],
  "i": "12788034555128998505",
  "c": "12960057305275395705"},
 "log":
 [{"message":
   ".> LEAN_PATH=/Users/harryscott/Kantian-IVI/.lake/build/lib/lean /Users/harryscott/.elan/toolchains/leanprover--lean4---v4.23.0/bin/lean /Users/harryscott/Kantian-IVI/IVI/Domain.lean -o /Users/harryscott/Kantian-IVI/.lake/build/lib/lean/IVI/Domain.olean -i /Users/harryscott/Kantian-IVI/.lake/build/lib/lean/IVI/Domain.ilean -c /Users/harryscott/Kantian-IVI/.lake/build/ir/IVI/Domain.c --setup /Users/harryscott/Kantian-IVI/.lake/build/ir/IVI/Domain.setup.json --json",
   "level": "trace"}],
 "inputs":
 [["IVI.Domain:deps",
   [["deps",
     [["ivi/IVI:extraDep", [["@ivi:extraDep", "1723"]]],
      ["imports",
       [["IVI.Core transitive imports (legacy)", "1723"],
        ["IVI.Core:importAllArts", "18116588190697556974"],
        ["IVI.Operators transitive imports (legacy)", "15148418535500183313"],
        ["IVI.Operators:importAllArts", "18065912226294358899"]]]]],
    ["libs",
     [["import dynlibs", "1723"],
      ["package external libraries", "1723"],
      ["module dynlibs", "1723"],
      ["module plugins", "1723"]]]]],
  ["Lean 4.23.0, commit 50aaf682e9b74ab92880292a25c68baa1cc81c87",
   "5786258275165720599"],
  ["/Users/harryscott/Kantian-IVI/IVI/Domain.lean", "14423566601948454908"],
  ["options", "1723"],
  ["Module.leanArgs: #[]", "1723"]],
 "depHash": "1909829047480850614"}