{"synthetic": false,
 "outputs":
 {"o": ["9675986772766722675"],
  "i": "2878013646402200662",
  "c": "17351752429969611530"},
 "log":
 [{"message":
   ".> LEAN_PATH=/Users/harryscott/Kantian-IVI/.lake/build/lib/lean /Users/harryscott/.elan/toolchains/leanprover--lean4---v4.22.0/bin/lean /Users/harryscott/Kantian-IVI/IVI/FixedPoint.lean -o /Users/harryscott/Kantian-IVI/.lake/build/lib/lean/IVI/FixedPoint.olean -i /Users/harryscott/Kantian-IVI/.lake/build/lib/lean/IVI/FixedPoint.ilean -c /Users/harryscott/Kantian-IVI/.lake/build/ir/IVI/FixedPoint.c --setup /Users/harryscott/Kantian-IVI/.lake/build/ir/IVI/FixedPoint.setup.json --json",
   "level": "trace"}],
 "inputs":
 [["IVI.FixedPoint:deps",
   [["deps",
     [["ivi/IVI:extraDep", [["@ivi:extraDep", "1723"]]],
      ["import oleans",
       [["IVI.Invariant:olean",
         [["IVI.Invariant:deps", "5676546461227603325"],
          ["/Users/harryscott/Kantian-IVI/.lake/build/lib/lean/IVI/Invariant.olean",
           "13057863916597200515"]]]]]]],
    ["libs",
     [["import dynlibs", "1723"],
      ["package external libraries", "1723"],
      ["module dynlibs", "1723"],
      ["module plugins", "1723"]]]]],
  ["Lean 4.22.0, commit ba2cbbf09d4978f416e0ebd1fceeebc2c4138c05",
   "8739116525927611134"],
  ["/Users/harryscott/Kantian-IVI/IVI/FixedPoint.lean", "7047540458137328868"],
  ["options", "1723"],
  ["Module.leanArgs: #[]", "1723"]],
 "depHash": "10334305644728744323"}