{"synthetic": false,
 "outputs":
 {"o": ["7972260779054696301"],
  "i": "14631888358609334412",
  "c": "7557749466671454322"},
 "log":
 [{"message":
   ".> LEAN_PATH=/Users/harryscott/Kantian-IVI/.lake/packages/Cli/.lake/build/lib/lean:/Users/harryscott/Kantian-IVI/.lake/packages/batteries/.lake/build/lib/lean:/Users/harryscott/Kantian-IVI/.lake/packages/Qq/.lake/build/lib/lean:/Users/harryscott/Kantian-IVI/.lake/packages/aesop/.lake/build/lib/lean:/Users/harryscott/Kantian-IVI/.lake/packages/proofwidgets/.lake/build/lib/lean:/Users/harryscott/Kantian-IVI/.lake/packages/importGraph/.lake/build/lib/lean:/Users/harryscott/Kantian-IVI/.lake/packages/LeanSearchClient/.lake/build/lib/lean:/Users/harryscott/Kantian-IVI/.lake/packages/plausible/.lake/build/lib/lean:/Users/harryscott/Kantian-IVI/.lake/packages/mathlib/.lake/build/lib/lean:/Users/harryscott/Kantian-IVI/.lake/build/lib/lean /Users/harryscott/.elan/toolchains/leanprover--lean4---v4.24.0-rc1/bin/lean /Users/harryscott/Kantian-IVI/IVI/Fractal.lean -o /Users/harryscott/Kantian-IVI/.lake/build/lib/lean/IVI/Fractal.olean -i /Users/harryscott/Kantian-IVI/.lake/build/lib/lean/IVI/Fractal.ilean -c /Users/harryscott/Kantian-IVI/.lake/build/ir/IVI/Fractal.c --setup /Users/harryscott/Kantian-IVI/.lake/build/ir/IVI/Fractal.setup.json --json",
   "level": "trace"},
  {"message":
   "IVI/Fractal.lean:123:2: try 'simp' instead of 'simpa'\n\nNote: This linter can be disabled with `set_option linter.unnecessarySimpa false`",
   "level": "warning"},
  {"message":
   "IVI/Fractal.lean:128:2: try 'simp' instead of 'simpa'\n\nNote: This linter can be disabled with `set_option linter.unnecessarySimpa false`",
   "level": "warning"}],
 "inputs":
 [["IVI.Fractal:deps",
   [["deps",
     [["ivi/IVI:extraDep", [["@ivi:extraDep", "1723"]]],
      ["imports",
       [["IVI.Intangible transitive imports (legacy)", "17777282378495150436"],
        ["IVI.Intangible:importAllArts", "6697781964442365726"],
        ["IVI.Invariant transitive imports (legacy)", "15438588992484952601"],
        ["IVI.Invariant:importAllArts", "17142208629345613795"],
        ["IVI.Harmonics transitive imports (legacy)", "9522336648190064263"],
        ["IVI.Harmonics:importAllArts", "14244454116463982443"],
        ["IVI.Collapse transitive imports (legacy)", "1369315998074660160"],
        ["IVI.Collapse:importAllArts", "2513233128047862671"],
        ["IVI.Kakeya transitive imports (legacy)", "6064171279238792046"],
        ["IVI.Kakeya:importAllArts", "15053650425515955251"],
        ["IVI.KantLimit transitive imports (legacy)", "11956498647642165382"],
        ["IVI.KantLimit:importAllArts", "17631733214404216196"]]]]],
    ["libs",
     [["import dynlibs", "1723"],
      ["package external libraries", "1723"],
      ["module dynlibs", "1723"],
      ["module plugins", "1723"]]]]],
  ["Lean 4.24.0, commit 919e297292280cdb27598edd4e03437be5850221",
   "16820442660988836695"],
  ["/Users/harryscott/Kantian-IVI/IVI/Fractal.lean", "14654226208168671392"],
  ["options", "1723"],
  ["Module.leanArgs: #[]", "1723"]],
 "depHash": "8130293158108576057"}