{"synthetic": false,
 "outputs":
 {"o": ["4455457286572485184"],
  "i": "17426227287508877346",
  "c": "9368919049436204994"},
 "log":
 [{"message":
   ".> LEAN_PATH=/Users/harryscott/Kantian-IVI/.lake/build/lib/lean /Users/harryscott/.elan/toolchains/leanprover--lean4---v4.23.0/bin/lean /Users/harryscott/Kantian-IVI/IVI/Invariant.lean -o /Users/harryscott/Kantian-IVI/.lake/build/lib/lean/IVI/Invariant.olean -i /Users/harryscott/Kantian-IVI/.lake/build/lib/lean/IVI/Invariant.ilean -c /Users/harryscott/Kantian-IVI/.lake/build/ir/IVI/Invariant.c --setup /Users/harryscott/Kantian-IVI/.lake/build/ir/IVI/Invariant.setup.json --json",
   "level": "trace"}],
 "inputs":
 [["IVI.Invariant:deps",
   [["deps",
     [["ivi/IVI:extraDep", [["@ivi:extraDep", "1723"]]],
      ["imports",
       [["IVI.Intangible transitive imports (legacy)", "18366831339449116832"],
        ["IVI.Intangible:importAllArts", "1307306836415668194"],
        ["IVI.SchematismEvidence transitive imports (legacy)", "1723"],
        ["IVI.SchematismEvidence:importAllArts", "16712961853345461743"]]]]],
    ["libs",
     [["import dynlibs", "1723"],
      ["package external libraries", "1723"],
      ["module dynlibs", "1723"],
      ["module plugins", "1723"]]]]],
  ["Lean 4.23.0, commit 50aaf682e9b74ab92880292a25c68baa1cc81c87",
   "5786258275165720599"],
  ["/Users/harryscott/Kantian-IVI/IVI/Invariant.lean", "1164604383045346218"],
  ["options", "1723"],
  ["Module.leanArgs: #[]", "1723"]],
 "depHash": "1439507435958344427"}