{"synthetic": false,
 "outputs":
 {"o": ["433205604699233036"],
  "i": "8815610467979239710",
  "c": "8801090860183995828"},
 "log":
 [{"message":
   ".> LEAN_PATH=/Users/harryscott/Kantian-IVI/.lake/build/lib/lean /Users/harryscott/.elan/toolchains/leanprover--lean4---v4.22.0/bin/lean /Users/harryscott/Kantian-IVI/IVI/Kakeya.lean -o /Users/harryscott/Kantian-IVI/.lake/build/lib/lean/IVI/Kakeya.olean -i /Users/harryscott/Kantian-IVI/.lake/build/lib/lean/IVI/Kakeya.ilean -c /Users/harryscott/Kantian-IVI/.lake/build/ir/IVI/Kakeya.c --setup /Users/harryscott/Kantian-IVI/.lake/build/ir/IVI/Kakeya.setup.json --json",
   "level": "trace"}],
 "inputs":
 [["IVI.Kakeya:deps",
   [["deps",
     [["ivi/IVI:extraDep", [["@ivi:extraDep", "1723"]]],
      ["import oleans",
       [["IVI.Intangible:olean",
         [["IVI.Intangible:deps", "15649871617509865571"],
          ["/Users/harryscott/Kantian-IVI/.lake/build/lib/lean/IVI/Intangible.olean",
           "16552736556562446828"]]],
        ["IVI.Invariant:olean",
         [["IVI.Invariant:deps", "12182908386892602159"],
          ["/Users/harryscott/Kantian-IVI/.lake/build/lib/lean/IVI/Invariant.olean",
           "17898013450651481437"]]],
        ["IVI.Harmonics:olean",
         [["IVI.Harmonics:deps", "7385600187699551567"],
          ["/Users/harryscott/Kantian-IVI/.lake/build/lib/lean/IVI/Harmonics.olean",
           "5838156797236561283"]]],
        ["IVI.SchematismEvidence:olean",
         [["IVI.SchematismEvidence:deps", "12720339749678921893"],
          ["/Users/harryscott/Kantian-IVI/.lake/build/lib/lean/IVI/SchematismEvidence.olean",
           "3955761931721435902"]]]]]]],
    ["libs",
     [["import dynlibs", "1723"],
      ["package external libraries", "1723"],
      ["module dynlibs", "1723"],
      ["module plugins", "1723"]]]]],
  ["Lean 4.22.0, commit ba2cbbf09d4978f416e0ebd1fceeebc2c4138c05",
   "8739116525927611134"],
  ["/Users/harryscott/Kantian-IVI/IVI/Kakeya.lean", "3025736363366186718"],
  ["options", "1723"],
  ["Module.leanArgs: #[]", "1723"]],
 "depHash": "4956347112196475900"}