{"synthetic": false,
 "outputs":
 {"o": ["15821143230306161832"],
  "i": "6886550855832979382",
  "c": "3876288772558826848"},
 "log":
 [{"message":
   ".> LEAN_PATH=/Users/harryscott/Kantian-IVI/.lake/build/lib/lean /Users/harryscott/.elan/toolchains/leanprover--lean4---v4.23.0/bin/lean /Users/harryscott/Kantian-IVI/IVI/KakeyaBridge.lean -o /Users/harryscott/Kantian-IVI/.lake/build/lib/lean/IVI/KakeyaBridge.olean -i /Users/harryscott/Kantian-IVI/.lake/build/lib/lean/IVI/KakeyaBridge.ilean -c /Users/harryscott/Kantian-IVI/.lake/build/ir/IVI/KakeyaBridge.c --setup /Users/harryscott/Kantian-IVI/.lake/build/ir/IVI/KakeyaBridge.setup.json --json",
   "level": "trace"}],
 "inputs":
 [["IVI.KakeyaBridge:deps",
   [["deps",
     [["ivi/IVI:extraDep", [["@ivi:extraDep", "1723"]]],
      ["imports",
       [["IVI.KakeyaAssemble transitive imports (legacy)",
         "12860777660340622172"],
        ["IVI.KakeyaAssemble:importAllArts", "13541518546258193193"],
        ["IVI.InvariantBridge transitive imports (legacy)",
         "7207796342080091030"],
        ["IVI.InvariantBridge:importAllArts", "4486981766454855850"],
        ["IVI.Will transitive imports (legacy)", "14342350051768402180"],
        ["IVI.Will:importAllArts", "7327294481807090206"],
        ["IVI.Unity transitive imports (legacy)", "16988328056136985003"],
        ["IVI.Unity:importAllArts", "875146963236568645"],
        ["IVI.Invariant transitive imports (legacy)", "16455706825858143466"],
        ["IVI.Invariant:importAllArts", "6202212656711103309"]]]]],
    ["libs",
     [["import dynlibs", "1723"],
      ["package external libraries", "1723"],
      ["module dynlibs", "1723"],
      ["module plugins", "1723"]]]]],
  ["Lean 4.23.0, commit 50aaf682e9b74ab92880292a25c68baa1cc81c87",
   "5786258275165720599"],
  ["/Users/harryscott/Kantian-IVI/IVI/KakeyaBridge.lean",
   "11186109827997390565"],
  ["options", "1723"],
  ["Module.leanArgs: #[]", "1723"]],
 "depHash": "6437487720813017033"}