{"synthetic": false,
 "outputs":
 {"o": ["13963145832249859966"],
  "i": "15626963137398398342",
  "c": "8599725628234642955"},
 "log":
 [{"message":
   ".> LEAN_PATH=/Users/harryscott/Kantian-IVI/.lake/packages/Cli/.lake/build/lib/lean:/Users/harryscott/Kantian-IVI/.lake/packages/batteries/.lake/build/lib/lean:/Users/harryscott/Kantian-IVI/.lake/packages/Qq/.lake/build/lib/lean:/Users/harryscott/Kantian-IVI/.lake/packages/aesop/.lake/build/lib/lean:/Users/harryscott/Kantian-IVI/.lake/packages/proofwidgets/.lake/build/lib/lean:/Users/harryscott/Kantian-IVI/.lake/packages/importGraph/.lake/build/lib/lean:/Users/harryscott/Kantian-IVI/.lake/packages/LeanSearchClient/.lake/build/lib/lean:/Users/harryscott/Kantian-IVI/.lake/packages/plausible/.lake/build/lib/lean:/Users/harryscott/Kantian-IVI/.lake/packages/mathlib/.lake/build/lib/lean:/Users/harryscott/Kantian-IVI/.lake/build/lib/lean /Users/harryscott/.elan/toolchains/leanprover--lean4---v4.24.0-rc1/bin/lean /Users/harryscott/Kantian-IVI/IVI/KakeyaAssemble.lean -o /Users/harryscott/Kantian-IVI/.lake/build/lib/lean/IVI/KakeyaAssemble.olean -i /Users/harryscott/Kantian-IVI/.lake/build/lib/lean/IVI/KakeyaAssemble.ilean -c /Users/harryscott/Kantian-IVI/.lake/build/ir/IVI/KakeyaAssemble.c --setup /Users/harryscott/Kantian-IVI/.lake/build/ir/IVI/KakeyaAssemble.setup.json --json",
   "level": "trace"},
  {"message":
   "IVI/KakeyaAssemble.lean:28:14: unused variable `θMax`\n\nNote: This linter can be disabled with `set_option linter.unusedVariables false`",
   "level": "warning"},
  {"message":
   "IVI/KakeyaAssemble.lean:29:5: unused variable `hCg`\n\nNote: This linter can be disabled with `set_option linter.unusedVariables false`",
   "level": "warning"},
  {"message":
   "IVI/KakeyaAssemble.lean:30:5: unused variable `hCe`\n\nNote: This linter can be disabled with `set_option linter.unusedVariables false`",
   "level": "warning"},
  {"message":
   "IVI/KakeyaAssemble.lean:31:5: unused variable `hCl`\n\nNote: This linter can be disabled with `set_option linter.unusedVariables false`",
   "level": "warning"}],
 "inputs":
 [["IVI.KakeyaAssemble:deps",
   [["deps",
     [["ivi/IVI:extraDep", [["@ivi:extraDep", "1723"]]],
      ["imports",
       [["IVI.KakeyaBounds transitive imports (legacy)", "4916925634145491069"],
        ["IVI.KakeyaBounds:importAllArts", "10135179788849461520"],
        ["IVI.Relax transitive imports (legacy)", "13112111898837014743"],
        ["IVI.Relax:importAllArts", "6408034742424692603"]]]]],
    ["libs",
     [["import dynlibs", "1723"],
      ["package external libraries", "1723"],
      ["module dynlibs", "1723"],
      ["module plugins", "1723"]]]]],
  ["Lean 4.24.0, commit 919e297292280cdb27598edd4e03437be5850221",
   "16820442660988836695"],
  ["/Users/harryscott/Kantian-IVI/IVI/KakeyaAssemble.lean",
   "3069733932935551303"],
  ["options", "1723"],
  ["Module.leanArgs: #[]", "1723"]],
 "depHash": "17806892421099511609"}