{"synthetic": false,
 "outputs":
 {"o": ["17482604522003248847"],
  "i": "16904221674764650226",
  "c": "14133561181709345233"},
 "log":
 [{"message":
   ".> LEAN_PATH=/Users/harryscott/Kantian-IVI/.lake/build/lib/lean /Users/harryscott/.elan/toolchains/leanprover--lean4---v4.23.0/bin/lean /Users/harryscott/Kantian-IVI/IVI/KakeyaBounds.lean -o /Users/harryscott/Kantian-IVI/.lake/build/lib/lean/IVI/KakeyaBounds.olean -i /Users/harryscott/Kantian-IVI/.lake/build/lib/lean/IVI/KakeyaBounds.ilean -c /Users/harryscott/Kantian-IVI/.lake/build/ir/IVI/KakeyaBounds.c --setup /Users/harryscott/Kantian-IVI/.lake/build/ir/IVI/KakeyaBounds.setup.json --json",
   "level": "trace"},
  {"message": "IVI/KakeyaBounds.lean:49:18: declaration uses 'sorry'",
   "level": "warning"},
  {"message": "IVI/KakeyaBounds.lean:49:18: declaration uses 'sorry'",
   "level": "warning"},
  {"message": "IVI/KakeyaBounds.lean:49:18: declaration uses 'sorry'",
   "level": "warning"}],
 "inputs":
 [["IVI.KakeyaBounds:deps",
   [["deps",
     [["ivi/IVI:extraDep", [["@ivi:extraDep", "1723"]]],
      ["imports",
       [["IVI.Kakeya.Core transitive imports (legacy)", "5554259929642494307"],
        ["IVI.Kakeya.Core:importAllArts", "2116020674087704044"]]]]],
    ["libs",
     [["import dynlibs", "1723"],
      ["package external libraries", "1723"],
      ["module dynlibs", "1723"],
      ["module plugins", "1723"]]]]],
  ["Lean 4.23.0, commit 50aaf682e9b74ab92880292a25c68baa1cc81c87",
   "5786258275165720599"],
  ["/Users/harryscott/Kantian-IVI/IVI/KakeyaBounds.lean",
   "7366288541686156980"],
  ["options", "1723"],
  ["Module.leanArgs: #[]", "1723"]],
 "depHash": "9920492684729201793"}