{"synthetic": false,
 "outputs":
 {"o": ["932623232758135453"],
  "i": "10808570534215338199",
  "c": "2485060040281250102"},
 "log":
 [{"message":
   ".> LEAN_PATH=/Users/harryscott/Kantian-IVI/.lake/build/lib/lean /Users/harryscott/.elan/toolchains/leanprover--lean4---v4.22.0/bin/lean /Users/harryscott/Kantian-IVI/IVI/KantLimit.lean -o /Users/harryscott/Kantian-IVI/.lake/build/lib/lean/IVI/KantLimit.olean -i /Users/harryscott/Kantian-IVI/.lake/build/lib/lean/IVI/KantLimit.ilean -c /Users/harryscott/Kantian-IVI/.lake/build/ir/IVI/KantLimit.c --setup /Users/harryscott/Kantian-IVI/.lake/build/ir/IVI/KantLimit.setup.json --json",
   "level": "trace"}],
 "inputs":
 [["IVI.KantLimit:deps",
   [["deps",
     [["ivi/IVI:extraDep", [["@ivi:extraDep", "1723"]]],
      ["import oleans",
       [["IVI.Invariant:olean",
         [["IVI.Invariant:deps", "12182908386892602159"],
          ["/Users/harryscott/Kantian-IVI/.lake/build/lib/lean/IVI/Invariant.olean",
           "17898013450651481437"]]],
        ["IVI.Harmonics:olean",
         [["IVI.Harmonics:deps", "7385600187699551567"],
          ["/Users/harryscott/Kantian-IVI/.lake/build/lib/lean/IVI/Harmonics.olean",
           "5838156797236561283"]]],
        ["IVI.Kakeya:olean",
         [["IVI.Kakeya:deps", "7668117168719139913"],
          ["/Users/harryscott/Kantian-IVI/.lake/build/lib/lean/IVI/Kakeya.olean",
           "16728747025943590296"]]]]]]],
    ["libs",
     [["import dynlibs", "1723"],
      ["package external libraries", "1723"],
      ["module dynlibs", "1723"],
      ["module plugins", "1723"]]]]],
  ["Lean 4.22.0, commit ba2cbbf09d4978f416e0ebd1fceeebc2c4138c05",
   "8739116525927611134"],
  ["/Users/harryscott/Kantian-IVI/IVI/KantLimit.lean", "15692200279887317632"],
  ["options", "1723"],
  ["Module.leanArgs: #[]", "1723"]],
 "depHash": "6806276770023381722"}