{"synthetic": false,
 "outputs":
 {"o": ["5211177819184818657"],
  "i": "13622558864915913396",
  "c": "17464023555384232902"},
 "log":
 [{"message":
   ".> LEAN_PATH=/Users/harryscott/Kantian-IVI/.lake/build/lib/lean /Users/harryscott/.elan/toolchains/leanprover--lean4---v4.23.0/bin/lean /Users/harryscott/Kantian-IVI/IVI/Logic.lean -o /Users/harryscott/Kantian-IVI/.lake/build/lib/lean/IVI/Logic.olean -i /Users/harryscott/Kantian-IVI/.lake/build/lib/lean/IVI/Logic.ilean -c /Users/harryscott/Kantian-IVI/.lake/build/ir/IVI/Logic.c --setup /Users/harryscott/Kantian-IVI/.lake/build/ir/IVI/Logic.setup.json --json",
   "level": "trace"}],
 "inputs":
 [["IVI.Logic:deps",
   [["deps",
     [["ivi/IVI:extraDep", [["@ivi:extraDep", "1723"]]],
      ["imports",
       [["IVI.Core transitive imports (legacy)", "1723"],
        ["IVI.Core:importAllArts", "18116588190697556974"]]]]],
    ["libs",
     [["import dynlibs", "1723"],
      ["package external libraries", "1723"],
      ["module dynlibs", "1723"],
      ["module plugins", "1723"]]]]],
  ["Lean 4.23.0, commit 50aaf682e9b74ab92880292a25c68baa1cc81c87",
   "5786258275165720599"],
  ["/Users/harryscott/Kantian-IVI/IVI/Logic.lean", "7409820113607974215"],
  ["options", "1723"],
  ["Module.leanArgs: #[]", "1723"]],
 "depHash": "1248214843782213714"}