{"synthetic": false,
 "outputs":
 {"o": ["5751019251191080154"],
  "i": "15663427629287750961",
  "c": "1636929560458365332"},
 "log":
 [{"message":
   ".> LEAN_PATH=/Users/harryscott/Kantian-IVI/.lake/packages/Cli/.lake/build/lib/lean:/Users/harryscott/Kantian-IVI/.lake/packages/batteries/.lake/build/lib/lean:/Users/harryscott/Kantian-IVI/.lake/packages/Qq/.lake/build/lib/lean:/Users/harryscott/Kantian-IVI/.lake/packages/aesop/.lake/build/lib/lean:/Users/harryscott/Kantian-IVI/.lake/packages/proofwidgets/.lake/build/lib/lean:/Users/harryscott/Kantian-IVI/.lake/packages/importGraph/.lake/build/lib/lean:/Users/harryscott/Kantian-IVI/.lake/packages/LeanSearchClient/.lake/build/lib/lean:/Users/harryscott/Kantian-IVI/.lake/packages/plausible/.lake/build/lib/lean:/Users/harryscott/Kantian-IVI/.lake/packages/mathlib/.lake/build/lib/lean:/Users/harryscott/Kantian-IVI/.lake/build/lib/lean /Users/harryscott/.elan/toolchains/leanprover--lean4---v4.24.0-rc1/bin/lean /Users/harryscott/Kantian-IVI/IVI/MoralDimensionality.lean -o /Users/harryscott/Kantian-IVI/.lake/build/lib/lean/IVI/MoralDimensionality.olean -i /Users/harryscott/Kantian-IVI/.lake/build/lib/lean/IVI/MoralDimensionality.ilean -c /Users/harryscott/Kantian-IVI/.lake/build/ir/IVI/MoralDimensionality.c --setup /Users/harryscott/Kantian-IVI/.lake/build/ir/IVI/MoralDimensionality.setup.json --json",
   "level": "trace"},
  {"message": "IVI/MoralDimensionality.lean:109:8: declaration uses 'sorry'",
   "level": "warning"},
  {"message": "IVI/MoralDimensionality.lean:118:8: declaration uses 'sorry'",
   "level": "warning"}],
 "inputs":
 [["IVI.MoralDimensionality:deps",
   [["deps",
     [["ivi/IVI:extraDep", [["@ivi:extraDep", "1723"]]],
      ["imports",
       [["Mathlib.Data.Real.Basic transitive imports (legacy)",
         "15654082332972587830"],
        ["Mathlib.Data.Real.Basic:importAllArts", "9139094329547471548"],
        ["Mathlib.Analysis.SpecialFunctions.Log.Basic transitive imports (legacy)",
         "6694843442623433533"],
        ["Mathlib.Analysis.SpecialFunctions.Log.Basic:importAllArts",
         "18156344406006618772"]]]]],
    ["libs",
     [["import dynlibs", "1723"],
      ["package external libraries", "1723"],
      ["module dynlibs", "1723"],
      ["module plugins", "1723"]]]]],
  ["Lean 4.24.0, commit 919e297292280cdb27598edd4e03437be5850221",
   "16820442660988836695"],
  ["/Users/harryscott/Kantian-IVI/IVI/MoralDimensionality.lean",
   "4242200880842805668"],
  ["options", "1723"],
  ["Module.leanArgs: #[]", "1723"]],
 "depHash": "1616849746203338401"}