{"synthetic": false,
 "outputs":
 {"o": ["8564056482296972766"],
  "i": "7676222512699848710",
  "c": "1784353079733990094"},
 "log":
 [{"message":
   ".> LEAN_PATH=/Users/harryscott/Kantian-IVI/.lake/build/lib/lean /Users/harryscott/.elan/toolchains/leanprover--lean4---v4.22.0/bin/lean /Users/harryscott/Kantian-IVI/IVI/Operators.lean -o /Users/harryscott/Kantian-IVI/.lake/build/lib/lean/IVI/Operators.olean -i /Users/harryscott/Kantian-IVI/.lake/build/lib/lean/IVI/Operators.ilean -c /Users/harryscott/Kantian-IVI/.lake/build/ir/IVI/Operators.c --setup /Users/harryscott/Kantian-IVI/.lake/build/ir/IVI/Operators.setup.json --json",
   "level": "trace"}],
 "inputs":
 [["IVI.Operators:deps",
   [["deps",
     [["ivi/IVI:extraDep", [["@ivi:extraDep", "1723"]]],
      ["import oleans",
       [["IVI.Core:olean",
         [["IVI.Core:deps", "12720339749678921893"],
          ["/Users/harryscott/Kantian-IVI/.lake/build/lib/lean/IVI/Core.olean",
           "12286444512450632711"]]],
        ["IVI.Logic:olean",
         [["IVI.Logic:deps", "15550444365902634996"],
          ["/Users/harryscott/Kantian-IVI/.lake/build/lib/lean/IVI/Logic.olean",
           "7469203747819240942"]]]]]]],
    ["libs",
     [["import dynlibs", "1723"],
      ["package external libraries", "1723"],
      ["module dynlibs", "1723"],
      ["module plugins", "1723"]]]]],
  ["Lean 4.22.0, commit ba2cbbf09d4978f416e0ebd1fceeebc2c4138c05",
   "8739116525927611134"],
  ["/Users/harryscott/Kantian-IVI/IVI/Operators.lean", "2251130197140248788"],
  ["options", "1723"],
  ["Module.leanArgs: #[]", "1723"]],
 "depHash": "15471260538420006810"}