{"synthetic": false,
 "outputs":
 {"o": ["15036438930496024020"],
  "i": "13864690989966596149",
  "c": "2977196540191084468"},
 "log":
 [{"message":
   ".> LEAN_PATH=/Users/harryscott/Kantian-IVI/.lake/build/lib/lean /Users/harryscott/.elan/toolchains/leanprover--lean4---v4.22.0/bin/lean /Users/harryscott/Kantian-IVI/IVI/Proofs.lean -o /Users/harryscott/Kantian-IVI/.lake/build/lib/lean/IVI/Proofs.olean -i /Users/harryscott/Kantian-IVI/.lake/build/lib/lean/IVI/Proofs.ilean -c /Users/harryscott/Kantian-IVI/.lake/build/ir/IVI/Proofs.c --setup /Users/harryscott/Kantian-IVI/.lake/build/ir/IVI/Proofs.setup.json --json",
   "level": "trace"}],
 "inputs":
 [["IVI.Proofs:deps",
   [["deps",
     [["ivi/IVI:extraDep", [["@ivi:extraDep", "1723"]]],
      ["import oleans",
       [["IVI.Core:olean",
         [["IVI.Core:deps", "12720339749678921893"],
          ["/Users/harryscott/Kantian-IVI/.lake/build/lib/lean/IVI/Core.olean",
           "12286444512450632711"]]],
        ["IVI.Logic:olean",
         [["IVI.Logic:deps", "15550444365902634996"],
          ["/Users/harryscott/Kantian-IVI/.lake/build/lib/lean/IVI/Logic.olean",
           "7469203747819240942"]]],
        ["IVI.Operators:olean",
         [["IVI.Operators:deps", "288529257706707994"],
          ["/Users/harryscott/Kantian-IVI/.lake/build/lib/lean/IVI/Operators.olean",
           "8564056482296972766"]]],
        ["IVI.System:olean",
         [["IVI.System:deps", "11229672192663066940"],
          ["/Users/harryscott/Kantian-IVI/.lake/build/lib/lean/IVI/System.olean",
           "8633243571202306295"]]]]]]],
    ["libs",
     [["import dynlibs", "1723"],
      ["package external libraries", "1723"],
      ["module dynlibs", "1723"],
      ["module plugins", "1723"]]]]],
  ["Lean 4.22.0, commit ba2cbbf09d4978f416e0ebd1fceeebc2c4138c05",
   "8739116525927611134"],
  ["/Users/harryscott/Kantian-IVI/IVI/Proofs.lean", "16861506831061475460"],
  ["options", "1723"],
  ["Module.leanArgs: #[]", "1723"]],
 "depHash": "15353683287322225086"}