{"synthetic": false,
 "outputs":
 {"o": ["14625252773153140015"],
  "i": "16468007377788022012",
  "c": "9033307124297143932"},
 "log":
 [{"message":
   ".> LEAN_PATH=/Users/harryscott/Kantian-IVI/.lake/packages/Cli/.lake/build/lib/lean:/Users/harryscott/Kantian-IVI/.lake/packages/batteries/.lake/build/lib/lean:/Users/harryscott/Kantian-IVI/.lake/packages/Qq/.lake/build/lib/lean:/Users/harryscott/Kantian-IVI/.lake/packages/aesop/.lake/build/lib/lean:/Users/harryscott/Kantian-IVI/.lake/packages/proofwidgets/.lake/build/lib/lean:/Users/harryscott/Kantian-IVI/.lake/packages/importGraph/.lake/build/lib/lean:/Users/harryscott/Kantian-IVI/.lake/packages/LeanSearchClient/.lake/build/lib/lean:/Users/harryscott/Kantian-IVI/.lake/packages/plausible/.lake/build/lib/lean:/Users/harryscott/Kantian-IVI/.lake/packages/mathlib/.lake/build/lib/lean:/Users/harryscott/Kantian-IVI/.lake/build/lib/lean /Users/harryscott/.elan/toolchains/leanprover--lean4---v4.24.0-rc1/bin/lean /Users/harryscott/Kantian-IVI/IVI/Relax.lean -o /Users/harryscott/Kantian-IVI/.lake/build/lib/lean/IVI/Relax.olean -i /Users/harryscott/Kantian-IVI/.lake/build/lib/lean/IVI/Relax.ilean -c /Users/harryscott/Kantian-IVI/.lake/build/ir/IVI/Relax.c --setup /Users/harryscott/Kantian-IVI/.lake/build/ir/IVI/Relax.setup.json --json",
   "level": "trace"}],
 "inputs":
 [["IVI.Relax:deps",
   [["deps",
     [["ivi/IVI:extraDep", [["@ivi:extraDep", "1723"]]],
      ["imports",
       [["IVI.KakeyaBounds transitive imports (legacy)", "9117866046178321484"],
        ["IVI.KakeyaBounds:importAllArts", "16678245573054036969"],
        ["IVI.Bounds transitive imports (legacy)", "1723"],
        ["IVI.Bounds:importAllArts", "16094175997074693902"]]]]],
    ["libs",
     [["import dynlibs", "1723"],
      ["package external libraries", "1723"],
      ["module dynlibs", "1723"],
      ["module plugins", "1723"]]]]],
  ["Lean 4.24.0, commit 919e297292280cdb27598edd4e03437be5850221",
   "16820442660988836695"],
  ["/Users/harryscott/Kantian-IVI/IVI/Relax.lean", "16412919920430615604"],
  ["options", "1723"],
  ["Module.leanArgs: #[]", "1723"]],
 "depHash": "4635838030489424596"}