{"synthetic": false,
 "outputs":
 {"o": ["3136235011175492710"],
  "i": "8594322906293006875",
  "c": "10238045771880480784"},
 "log":
 [{"message":
   ".> LEAN_PATH=/Users/harryscott/Kantian-IVI/.lake/build/lib/lean /Users/harryscott/.elan/toolchains/leanprover--lean4---v4.23.0/bin/lean /Users/harryscott/Kantian-IVI/IVI/SchematismEvidence.lean -o /Users/harryscott/Kantian-IVI/.lake/build/lib/lean/IVI/SchematismEvidence.olean -i /Users/harryscott/Kantian-IVI/.lake/build/lib/lean/IVI/SchematismEvidence.ilean -c /Users/harryscott/Kantian-IVI/.lake/build/ir/IVI/SchematismEvidence.c --setup /Users/harryscott/Kantian-IVI/.lake/build/ir/IVI/SchematismEvidence.setup.json --json",
   "level": "trace"}],
 "inputs":
 [["IVI.SchematismEvidence:deps",
   [["deps",
     [["ivi/IVI:extraDep", [["@ivi:extraDep", "1723"]]], ["imports", "1723"]]],
    ["libs",
     [["import dynlibs", "1723"],
      ["package external libraries", "1723"],
      ["module dynlibs", "1723"],
      ["module plugins", "1723"]]]]],
  ["Lean 4.23.0, commit 50aaf682e9b74ab92880292a25c68baa1cc81c87",
   "5786258275165720599"],
  ["/Users/harryscott/Kantian-IVI/IVI/SchematismEvidence.lean",
   "9029872755403260686"],
  ["options", "1723"],
  ["Module.leanArgs: #[]", "1723"]],
 "depHash": "4521868798342137566"}