{"synthetic": false,
 "outputs":
 {"o": ["8633243571202306295"],
  "i": "4556818580628678049",
  "c": "17007341044160830912"},
 "log":
 [{"message":
   ".> LEAN_PATH=/Users/harryscott/Kantian-IVI/.lake/build/lib/lean /Users/harryscott/.elan/toolchains/leanprover--lean4---v4.22.0/bin/lean /Users/harryscott/Kantian-IVI/IVI/System.lean -o /Users/harryscott/Kantian-IVI/.lake/build/lib/lean/IVI/System.olean -i /Users/harryscott/Kantian-IVI/.lake/build/lib/lean/IVI/System.ilean -c /Users/harryscott/Kantian-IVI/.lake/build/ir/IVI/System.c --setup /Users/harryscott/Kantian-IVI/.lake/build/ir/IVI/System.setup.json --json",
   "level": "trace"}],
 "inputs":
 [["IVI.System:deps",
   [["deps",
     [["ivi/IVI:extraDep", [["@ivi:extraDep", "1723"]]],
      ["import oleans",
       [["IVI.Core:olean",
         [["IVI.Core:deps", "12720339749678921893"],
          ["/Users/harryscott/Kantian-IVI/.lake/build/lib/lean/IVI/Core.olean",
           "12286444512450632711"]]],
        ["IVI.Operators:olean",
         [["IVI.Operators:deps", "288529257706707994"],
          ["/Users/harryscott/Kantian-IVI/.lake/build/lib/lean/IVI/Operators.olean",
           "8564056482296972766"]]],
        ["IVI.Logic:olean",
         [["IVI.Logic:deps", "15550444365902634996"],
          ["/Users/harryscott/Kantian-IVI/.lake/build/lib/lean/IVI/Logic.olean",
           "7469203747819240942"]]]]]]],
    ["libs",
     [["import dynlibs", "1723"],
      ["package external libraries", "1723"],
      ["module dynlibs", "1723"],
      ["module plugins", "1723"]]]]],
  ["Lean 4.22.0, commit ba2cbbf09d4978f416e0ebd1fceeebc2c4138c05",
   "8739116525927611134"],
  ["/Users/harryscott/Kantian-IVI/IVI/System.lean", "4438814296550606788"],
  ["options", "1723"],
  ["Module.leanArgs: #[]", "1723"]],
 "depHash": "16130065705524962652"}