{"synthetic": false,
 "outputs":
 {"o": ["12381881991786180093"],
  "i": "5633811936116995967",
  "c": "933982790394542396"},
 "log":
 [{"message":
   ".> LEAN_PATH=/Users/harryscott/Kantian-IVI/.lake/build/lib/lean /Users/harryscott/.elan/toolchains/leanprover--lean4---v4.22.0/bin/lean /Users/harryscott/Kantian-IVI/IVI/Theorems.lean -o /Users/harryscott/Kantian-IVI/.lake/build/lib/lean/IVI/Theorems.olean -i /Users/harryscott/Kantian-IVI/.lake/build/lib/lean/IVI/Theorems.ilean -c /Users/harryscott/Kantian-IVI/.lake/build/ir/IVI/Theorems.c --setup /Users/harryscott/Kantian-IVI/.lake/build/ir/IVI/Theorems.setup.json --json",
   "level": "trace"}],
 "inputs":
 [["IVI.Theorems:deps",
   [["deps",
     [["ivi/IVI:extraDep", [["@ivi:extraDep", "1723"]]],
      ["import oleans",
       [["IVI.Core:olean",
         [["IVI.Core:deps", "12720339749678921893"],
          ["/Users/harryscott/Kantian-IVI/.lake/build/lib/lean/IVI/Core.olean",
           "12286444512450632711"]]]]]]],
    ["libs",
     [["import dynlibs", "1723"],
      ["package external libraries", "1723"],
      ["module dynlibs", "1723"],
      ["module plugins", "1723"]]]]],
  ["Lean 4.22.0, commit ba2cbbf09d4978f416e0ebd1fceeebc2c4138c05",
   "8739116525927611134"],
  ["/Users/harryscott/Kantian-IVI/IVI/Theorems.lean", "9909217027288015629"],
  ["options", "1723"],
  ["Module.leanArgs: #[]", "1723"]],
 "depHash": "9951788222236888192"}