{"synthetic": false,
 "outputs":
 {"o": ["6156605346857980694"],
  "i": "15380412219648420097",
  "c": "13372655544999041260"},
 "log":
 [{"message":
   ".> LEAN_PATH=/Users/harryscott/Kantian-IVI/.lake/packages/Cli/.lake/build/lib/lean:/Users/harryscott/Kantian-IVI/.lake/packages/batteries/.lake/build/lib/lean:/Users/harryscott/Kantian-IVI/.lake/packages/Qq/.lake/build/lib/lean:/Users/harryscott/Kantian-IVI/.lake/packages/aesop/.lake/build/lib/lean:/Users/harryscott/Kantian-IVI/.lake/packages/proofwidgets/.lake/build/lib/lean:/Users/harryscott/Kantian-IVI/.lake/packages/importGraph/.lake/build/lib/lean:/Users/harryscott/Kantian-IVI/.lake/packages/LeanSearchClient/.lake/build/lib/lean:/Users/harryscott/Kantian-IVI/.lake/packages/plausible/.lake/build/lib/lean:/Users/harryscott/Kantian-IVI/.lake/packages/mathlib/.lake/build/lib/lean:/Users/harryscott/Kantian-IVI/.lake/build/lib/lean /Users/harryscott/.elan/toolchains/leanprover--lean4---v4.24.0-rc1/bin/lean /Users/harryscott/Kantian-IVI/IVI/TiTranslator.lean -o /Users/harryscott/Kantian-IVI/.lake/build/lib/lean/IVI/TiTranslator.olean -i /Users/harryscott/Kantian-IVI/.lake/build/lib/lean/IVI/TiTranslator.ilean -c /Users/harryscott/Kantian-IVI/.lake/build/ir/IVI/TiTranslator.c --setup /Users/harryscott/Kantian-IVI/.lake/build/ir/IVI/TiTranslator.setup.json --json",
   "level": "trace"}],
 "inputs":
 [["IVI.TiTranslator:deps",
   [["deps",
     [["ivi/IVI:extraDep", [["@ivi:extraDep", "1723"]]],
      ["imports",
       [["IVI.C3Model transitive imports (legacy)", "4610866122702356971"],
        ["IVI.C3Model:importAllArts", "11176788116108477647"],
        ["IVI.Invariant transitive imports (legacy)", "15438588992484952601"],
        ["IVI.Invariant:importAllArts", "17142208629345613795"],
        ["Mathlib.Data.Real.Basic transitive imports (legacy)",
         "15654082332972587830"],
        ["Mathlib.Data.Real.Basic:importAllArts", "9139094329547471548"],
        ["Mathlib.Analysis.SpecialFunctions.Trigonometric.Basic transitive imports (legacy)",
         "2787923574095684046"],
        ["Mathlib.Analysis.SpecialFunctions.Trigonometric.Basic:importAllArts",
         "4009587214058660241"]]]]],
    ["libs",
     [["import dynlibs", "1723"],
      ["package external libraries", "1723"],
      ["module dynlibs", "1723"],
      ["module plugins", "1723"]]]]],
  ["Lean 4.24.0, commit 919e297292280cdb27598edd4e03437be5850221",
   "16820442660988836695"],
  ["/Users/harryscott/Kantian-IVI/IVI/TiTranslator.lean",
   "14818686281038151849"],
  ["options", "1723"],
  ["Module.leanArgs: #[]", "1723"]],
 "depHash": "10311290085197279038"}