{"synthetic": false,
 "outputs":
 {"o": ["5858022981005511574"],
  "i": "3109314035365202026",
  "c": "7453789566139251599"},
 "log":
 [{"message":
   ".> LEAN_PATH=/Users/harryscott/Kantian-IVI/.lake/packages/Cli/.lake/build/lib/lean:/Users/harryscott/Kantian-IVI/.lake/packages/batteries/.lake/build/lib/lean:/Users/harryscott/Kantian-IVI/.lake/packages/Qq/.lake/build/lib/lean:/Users/harryscott/Kantian-IVI/.lake/packages/aesop/.lake/build/lib/lean:/Users/harryscott/Kantian-IVI/.lake/packages/proofwidgets/.lake/build/lib/lean:/Users/harryscott/Kantian-IVI/.lake/packages/importGraph/.lake/build/lib/lean:/Users/harryscott/Kantian-IVI/.lake/packages/LeanSearchClient/.lake/build/lib/lean:/Users/harryscott/Kantian-IVI/.lake/packages/plausible/.lake/build/lib/lean:/Users/harryscott/Kantian-IVI/.lake/packages/mathlib/.lake/build/lib/lean:/Users/harryscott/Kantian-IVI/.lake/build/lib/lean /Users/harryscott/.elan/toolchains/leanprover--lean4---v4.24.0-rc1/bin/lean /Users/harryscott/Kantian-IVI/IVI/WeylBounds.lean -o /Users/harryscott/Kantian-IVI/.lake/build/lib/lean/IVI/WeylBounds.olean -i /Users/harryscott/Kantian-IVI/.lake/build/lib/lean/IVI/WeylBounds.ilean -c /Users/harryscott/Kantian-IVI/.lake/build/ir/IVI/WeylBounds.c --setup /Users/harryscott/Kantian-IVI/.lake/build/ir/IVI/WeylBounds.setup.json --json",
   "level": "trace"}],
 "inputs":
 [["IVI.WeylBounds:deps",
   [["deps",
     [["ivi/IVI:extraDep", [["@ivi:extraDep", "1723"]]],
      ["imports",
       [["IVI.Invariant transitive imports (legacy)", "9700060304154019711"],
        ["IVI.Invariant:importAllArts", "1878660865401756547"],
        ["IVI.RealSpec transitive imports (legacy)", "10010268107974531430"],
        ["IVI.RealSpec:importAllArts", "9148775450759228848"],
        ["IVI.Will transitive imports (legacy)", "4636988703362101689"],
        ["IVI.Will:importAllArts", "16680125230638407964"],
        ["IVI.FloatSpec transitive imports (legacy)", "1723"],
        ["IVI.FloatSpec:importAllArts", "15657092819110346052"]]]]],
    ["libs",
     [["import dynlibs", "1723"],
      ["package external libraries", "1723"],
      ["module dynlibs", "1723"],
      ["module plugins", "1723"]]]]],
  ["Lean 4.24.0, commit 919e297292280cdb27598edd4e03437be5850221",
   "16820442660988836695"],
  ["/Users/harryscott/Kantian-IVI/IVI/WeylBounds.lean", "14890984940553595548"],
  ["options", "1723"],
  ["Module.leanArgs: #[]", "1723"]],
 "depHash": "13697602010866569130"}