{"synthetic": false,
 "outputs":
 {"o": ["17748937010601804663"],
  "i": "14235142772163804807",
  "c": "2166044832122413990"},
 "log":
 [{"message":
   ".> LEAN_PATH=/Users/harryscott/Kantian-IVI/.lake/build/lib/lean /Users/harryscott/.elan/toolchains/leanprover--lean4---v4.23.0/bin/lean /Users/harryscott/Kantian-IVI/IVI.lean -o /Users/harryscott/Kantian-IVI/.lake/build/lib/lean/IVI.olean -i /Users/harryscott/Kantian-IVI/.lake/build/lib/lean/IVI.ilean -c /Users/harryscott/Kantian-IVI/.lake/build/ir/IVI.c --setup /Users/harryscott/Kantian-IVI/.lake/build/ir/IVI.setup.json --json",
   "level": "trace"}],
 "inputs":
 [["IVI:deps",
   [["deps",
     [["ivi/IVI:extraDep", [["@ivi:extraDep", "1723"]]],
      ["imports",
       [["IVI.Core transitive imports (legacy)", "1723"],
        ["IVI.Core:importAllArts", "18116588190697556974"],
        ["IVI.Pure transitive imports (legacy)", "4226126023368290199"],
        ["IVI.Pure:importAllArts", "4363572251618730287"],
        ["IVI.Operators transitive imports (legacy)", "15148418535500183313"],
        ["IVI.Operators:importAllArts", "18065912226294358899"],
        ["IVI.Domain transitive imports (legacy)", "17849264653420357201"],
        ["IVI.Domain:importAllArts", "17799345751516240756"],
        ["IVI.System transitive imports (legacy)", "8761141449536483967"],
        ["IVI.System:importAllArts", "966370906000759969"],
        ["IVI.C3Model transitive imports (legacy)", "4226126023368290199"],
        ["IVI.C3Model:importAllArts", "14851123587259551766"],
        ["IVI.Intangible transitive imports (legacy)", "18366831339449116832"],
        ["IVI.Intangible:importAllArts", "1307306836415668194"],
        ["IVI.Invariant transitive imports (legacy)", "16455706825858143466"],
        ["IVI.Invariant:importAllArts", "6202212656711103309"],
        ["IVI.Collapse transitive imports (legacy)", "7710953080240532413"],
        ["IVI.Collapse:importAllArts", "13664618344916580060"],
        ["IVI.FixedPoint transitive imports (legacy)", "6113991185488242431"],
        ["IVI.FixedPoint:importAllArts", "11078552032971724356"],
        ["IVI.Kakeya transitive imports (legacy)", "11420471990871661752"],
        ["IVI.Kakeya:importAllArts", "9712946405730243976"],
        ["IVI.KakeyaBounds transitive imports (legacy)",
         "16507694439156314996"],
        ["IVI.KakeyaBounds:importAllArts", "12404322220200890540"],
        ["IVI.KakeyaAssemble transitive imports (legacy)",
         "8019738861970885067"],
        ["IVI.KakeyaAssemble:importAllArts", "13541518546258193193"],
        ["IVI.Bounds transitive imports (legacy)", "1723"],
        ["IVI.Bounds:importAllArts", "8128756869966731433"],
        ["IVI.Relax transitive imports (legacy)", "3824770875438539748"],
        ["IVI.Relax:importAllArts", "1621879623172062637"],
        ["IVI.FloatSpec transitive imports (legacy)", "1723"],
        ["IVI.FloatSpec:importAllArts", "14554144636028594833"],
        ["IVI.SVObj transitive imports (legacy)", "1132310917149315465"],
        ["IVI.SVObj:importAllArts", "9360616289091170371"],
        ["IVI.SchemaLaw transitive imports (legacy)", "14232488719842474885"],
        ["IVI.SchemaLaw:importAllArts", "3804871935655891800"],
        ["IVI.Will transitive imports (legacy)", "14342350051768402180"],
        ["IVI.Will:importAllArts", "7327294481807090206"],
        ["IVI.Harmonics transitive imports (legacy)", "6113991185488242431"],
        ["IVI.Harmonics:importAllArts", "10174937585595110126"],
        ["IVI.KantLimit transitive imports (legacy)", "12001580588274074820"],
        ["IVI.KantLimit:importAllArts", "322755523623908720"],
        ["IVI.Fractal transitive imports (legacy)", "8476690645580173073"],
        ["IVI.Fractal:importAllArts", "1322242495311609527"]]]]],
    ["libs",
     [["import dynlibs", "1723"],
      ["package external libraries", "1723"],
      ["module dynlibs", "1723"],
      ["module plugins", "1723"]]]]],
  ["Lean 4.23.0, commit 50aaf682e9b74ab92880292a25c68baa1cc81c87",
   "5786258275165720599"],
  ["/Users/harryscott/Kantian-IVI/IVI.lean", "12007153734588012275"],
  ["options", "1723"],
  ["Module.leanArgs: #[]", "1723"]],
 "depHash": "16461980866273718456"}